android/app/build/intermediates/manifest_merge_blame_file/release/manifest-merger-blame-release-report.txt
1<?xml version="1.0" encoding="utf-8"?>
2<!--
3    Copyright 2019 Google Inc. All Rights Reserved.
4
5     Licensed under the Apache License, Version 2.0 (the "License");
6     you may not use this file except in compliance with the License.
7     You may obtain a copy of the License at
8
9         http://www.apache.org/licenses/LICENSE-2.0
10
11     Unless required by applicable law or agreed to in writing, software
12     distributed under the License is distributed on an "AS IS" BASIS,
13     WITHOUT WARRANTIES OR CONDITIONS OF ANY KIND, either express or implied.
14     See the License for the specific language governing permissions and
15     limitations under the License.
16-->
17<!--
18 The "package" attribute is rewritten by the Gradle build with the value of applicationId.
19     It is still required here, as it is used to derive paths, for instance when referring
20     to an Activity by ".MyActivity" instead of the full name. If more Activities are added to the
21     application, the package attribute will need to reflect the correct path in order to use
22     the abbreviated format.
23-->
24<manifest xmlns:android="http://schemas.android.com/apk/res/android"
25    package="com.datastone.scholateacherce6ee4ff"
26    android:versionCode="105"
27    android:versionName="105" >
28
29    <uses-sdk
30        android:minSdkVersion="19"
30-->src/main/AndroidManifest.xml
31        android:targetSdkVersion="33" />
31-->src/main/AndroidManifest.xml
32
33    <uses-permission android:name="android.permission.POST_NOTIFICATIONS" />
33-->src/main/AndroidManifest.xml:26:9-80
33-->src/main/AndroidManifest.xml:26:26-78
34
35    <queries>
35-->[com.google.androidbrowserhelper:androidbrowserhelper:2.5.0] AndroidManifest.xml:26:5-34:15
36        <intent>
36-->[com.google.androidbrowserhelper:androidbrowserhelper:2.5.0] AndroidManifest.xml:27:9-33:18
37            <action android:name="android.intent.action.VIEW" />
37-->src/main/AndroidManifest.xml:136:17-68
37-->src/main/AndroidManifest.xml:136:25-66
38
39            <category android:name="android.intent.category.BROWSABLE" />
39-->src/main/AndroidManifest.xml:138:17-77
39-->src/main/AndroidManifest.xml:138:27-75
40
41            <data android:scheme="https" />
41-->src/main/AndroidManifest.xml:139:17-140:54
41-->src/main/AndroidManifest.xml:139:23-45
42        </intent>
43    </queries>
44
45    <application
45-->src/main/AndroidManifest.xml:35:5-183:19
46        android:name="com.datastone.scholateacherce6ee4ff.Application"
46-->src/main/AndroidManifest.xml:36:9-35
47        android:allowBackup="true"
47-->src/main/AndroidManifest.xml:37:9-35
48        android:appComponentFactory="androidx.core.app.CoreComponentFactory"
48-->[androidx.core:core:1.1.0] AndroidManifest.xml:24:18-86
49        android:icon="@mipmap/ic_launcher"
49-->src/main/AndroidManifest.xml:38:9-43
50        android:label="@string/appName"
50-->src/main/AndroidManifest.xml:39:9-40
51        android:manageSpaceActivity="com.google.androidbrowserhelper.trusted.ManageDataLauncherActivity"
51-->src/main/AndroidManifest.xml:41:9-105
52        android:supportsRtl="true"
52-->src/main/AndroidManifest.xml:43:9-35
53        android:theme="@android:style/Theme.Translucent.NoTitleBar" >
53-->src/main/AndroidManifest.xml:44:9-68
54        <meta-data
54-->src/main/AndroidManifest.xml:46:9-48:58
55            android:name="asset_statements"
55-->src/main/AndroidManifest.xml:47:13-44
56            android:resource="@string/assetStatements" />
56-->src/main/AndroidManifest.xml:48:13-55
57        <meta-data
57-->src/main/AndroidManifest.xml:51:13-53:58
58            android:name="web_manifest_url"
58-->src/main/AndroidManifest.xml:52:17-48
59            android:value="@string/webManifestUrl" />
59-->src/main/AndroidManifest.xml:53:17-55
60        <meta-data
60-->src/main/AndroidManifest.xml:56:9-58:52
61            android:name="twa_generator"
61-->src/main/AndroidManifest.xml:57:13-41
62            android:value="@string/generatorApp" />
62-->src/main/AndroidManifest.xml:58:13-49
63
64        <activity android:name="com.google.androidbrowserhelper.trusted.ManageDataLauncherActivity" >
64-->src/main/AndroidManifest.xml:65:13-69:24
64-->src/main/AndroidManifest.xml:65:23-104
65            <meta-data
65-->src/main/AndroidManifest.xml:66:13-68:53
66                android:name="android.support.customtabs.trusted.MANAGE_SPACE_URL"
66-->src/main/AndroidManifest.xml:67:17-83
67                android:value="@string/launchUrl" />
67-->src/main/AndroidManifest.xml:68:17-50
68        </activity>
69        <activity
69-->src/main/AndroidManifest.xml:72:9-144:20
70            android:name="com.datastone.scholateacherce6ee4ff.LauncherActivity"
70-->src/main/AndroidManifest.xml:72:19-50
71            android:alwaysRetainTaskState="true"
71-->src/main/AndroidManifest.xml:73:13-49
72            android:exported="true"
72-->src/main/AndroidManifest.xml:75:13-36
73            android:label="@string/launcherName" >
73-->src/main/AndroidManifest.xml:74:13-49
74            <meta-data
74-->src/main/AndroidManifest.xml:76:13-77:53
75                android:name="android.support.customtabs.trusted.DEFAULT_URL"
75-->src/main/AndroidManifest.xml:76:24-85
76                android:value="@string/launchUrl" />
76-->src/main/AndroidManifest.xml:77:17-50
77            <meta-data
77-->src/main/AndroidManifest.xml:79:13-81:58
78                android:name="android.support.customtabs.trusted.STATUS_BAR_COLOR"
78-->src/main/AndroidManifest.xml:80:17-83
79                android:resource="@color/colorPrimary" />
79-->src/main/AndroidManifest.xml:81:17-55
80            <meta-data
80-->src/main/AndroidManifest.xml:83:13-85:61
81                android:name="android.support.customtabs.trusted.NAVIGATION_BAR_COLOR"
81-->src/main/AndroidManifest.xml:84:17-87
82                android:resource="@color/navigationColor" />
82-->src/main/AndroidManifest.xml:85:17-58
83            <meta-data
83-->src/main/AndroidManifest.xml:87:13-89:65
84                android:name="android.support.customtabs.trusted.NAVIGATION_BAR_COLOR_DARK"
84-->src/main/AndroidManifest.xml:88:17-92
85                android:resource="@color/navigationColorDark" />
85-->src/main/AndroidManifest.xml:89:17-62
86            <meta-data
86-->src/main/AndroidManifest.xml:91:13-93:68
87                android:name="androix.browser.trusted.NAVIGATION_BAR_DIVIDER_COLOR"
87-->src/main/AndroidManifest.xml:92:17-84
88                android:resource="@color/navigationDividerColor" />
88-->src/main/AndroidManifest.xml:93:17-65
89            <meta-data
89-->src/main/AndroidManifest.xml:95:13-97:72
90                android:name="androix.browser.trusted.NAVIGATION_BAR_DIVIDER_COLOR_DARK"
90-->src/main/AndroidManifest.xml:96:17-89
91                android:resource="@color/navigationDividerColorDark" />
91-->src/main/AndroidManifest.xml:97:17-69
92            <meta-data
92-->src/main/AndroidManifest.xml:99:13-100:54
93                android:name="android.support.customtabs.trusted.SPLASH_IMAGE_DRAWABLE"
93-->src/main/AndroidManifest.xml:99:24-95
94                android:resource="@drawable/splash" />
94-->src/main/AndroidManifest.xml:100:17-52
95            <meta-data
95-->src/main/AndroidManifest.xml:102:13-103:60
96                android:name="android.support.customtabs.trusted.SPLASH_SCREEN_BACKGROUND_COLOR"
96-->src/main/AndroidManifest.xml:102:24-104
97                android:resource="@color/backgroundColor" />
97-->src/main/AndroidManifest.xml:103:17-58
98            <meta-data
98-->src/main/AndroidManifest.xml:105:13-106:71
99                android:name="android.support.customtabs.trusted.SPLASH_SCREEN_FADE_OUT_DURATION"
99-->src/main/AndroidManifest.xml:105:24-105
100                android:value="@integer/splashScreenFadeOutDuration" />
100-->src/main/AndroidManifest.xml:106:17-69
101            <meta-data
101-->src/main/AndroidManifest.xml:108:13-109:60
102                android:name="android.support.customtabs.trusted.FILE_PROVIDER_AUTHORITY"
102-->src/main/AndroidManifest.xml:108:24-97
103                android:value="@string/providerAuthority" />
103-->src/main/AndroidManifest.xml:109:17-58
104            <meta-data
104-->src/main/AndroidManifest.xml:111:13-97
105                android:name="android.app.shortcuts"
105-->src/main/AndroidManifest.xml:111:24-60
106                android:resource="@xml/shortcuts" />
106-->src/main/AndroidManifest.xml:111:61-94
107            <meta-data
107-->src/main/AndroidManifest.xml:113:13-114:56
108                android:name="android.support.customtabs.trusted.FALLBACK_STRATEGY"
108-->src/main/AndroidManifest.xml:113:24-91
109                android:value="@string/fallbackType" />
109-->src/main/AndroidManifest.xml:114:17-53
110            <meta-data
110-->src/main/AndroidManifest.xml:119:13-120:45
111                android:name="android.support.customtabs.trusted.DISPLAY_MODE"
111-->src/main/AndroidManifest.xml:119:24-86
112                android:value="immersive" />
112-->src/main/AndroidManifest.xml:120:17-42
113            <meta-data
113-->src/main/AndroidManifest.xml:123:13-124:54
114                android:name="android.support.customtabs.trusted.SCREEN_ORIENTATION"
114-->src/main/AndroidManifest.xml:123:24-92
115                android:value="@string/orientation" />
115-->src/main/AndroidManifest.xml:124:17-52
116
117            <intent-filter>
117-->src/main/AndroidManifest.xml:130:13-133:29
118                <action android:name="android.intent.action.MAIN" />
118-->src/main/AndroidManifest.xml:131:17-69
118-->src/main/AndroidManifest.xml:131:25-66
119
120                <category android:name="android.intent.category.LAUNCHER" />
120-->src/main/AndroidManifest.xml:132:17-77
120-->src/main/AndroidManifest.xml:132:27-74
121            </intent-filter>
122            <intent-filter android:autoVerify="true" >
122-->src/main/AndroidManifest.xml:135:13-141:29
122-->src/main/AndroidManifest.xml:135:28-53
123                <action android:name="android.intent.action.VIEW" />
123-->src/main/AndroidManifest.xml:136:17-68
123-->src/main/AndroidManifest.xml:136:25-66
124
125                <category android:name="android.intent.category.DEFAULT" />
125-->src/main/AndroidManifest.xml:137:17-76
125-->src/main/AndroidManifest.xml:137:27-73
126                <category android:name="android.intent.category.BROWSABLE" />
126-->src/main/AndroidManifest.xml:138:17-77
126-->src/main/AndroidManifest.xml:138:27-75
127
128                <data
128-->src/main/AndroidManifest.xml:139:17-140:54
129                    android:host="@string/hostName"
129-->src/main/AndroidManifest.xml:140:21-52
130                    android:scheme="https" />
130-->src/main/AndroidManifest.xml:139:23-45
131            </intent-filter>
132        </activity>
133        <activity android:name="com.google.androidbrowserhelper.trusted.FocusActivity" />
133-->src/main/AndroidManifest.xml:146:9-90
133-->src/main/AndroidManifest.xml:146:19-87
134        <activity
134-->src/main/AndroidManifest.xml:148:9-149:62
135            android:name="com.google.androidbrowserhelper.trusted.WebViewFallbackActivity"
135-->src/main/AndroidManifest.xml:148:19-97
136            android:configChanges="orientation|screenSize" />
136-->src/main/AndroidManifest.xml:149:13-59
137
138        <provider
138-->src/main/AndroidManifest.xml:151:9-159:20
139            android:name="androidx.core.content.FileProvider"
139-->src/main/AndroidManifest.xml:152:13-62
140            android:authorities="@string/providerAuthority"
140-->src/main/AndroidManifest.xml:153:13-60
141            android:exported="false"
141-->src/main/AndroidManifest.xml:155:13-37
142            android:grantUriPermissions="true" >
142-->src/main/AndroidManifest.xml:154:13-47
143            <meta-data
143-->src/main/AndroidManifest.xml:156:13-158:53
144                android:name="android.support.FILE_PROVIDER_PATHS"
144-->src/main/AndroidManifest.xml:157:17-67
145                android:resource="@xml/filepaths" />
145-->src/main/AndroidManifest.xml:158:17-50
146        </provider>
147
148        <service
148-->src/main/AndroidManifest.xml:161:9-176:19
149            android:name="com.datastone.scholateacherce6ee4ff.DelegationService"
149-->src/main/AndroidManifest.xml:162:13-46
150            android:enabled="@bool/enableNotification"
150-->src/main/AndroidManifest.xml:163:13-55
151            android:exported="@bool/enableNotification" >
151-->src/main/AndroidManifest.xml:164:13-56
152            <meta-data
152-->src/main/AndroidManifest.xml:167:17-169:73
153                android:name="android.support.customtabs.trusted.SMALL_ICON"
153-->src/main/AndroidManifest.xml:168:21-81
154                android:resource="@drawable/ic_notification_icon" />
154-->src/main/AndroidManifest.xml:169:21-70
155
156            <intent-filter>
156-->src/main/AndroidManifest.xml:172:13-175:29
157                <action android:name="android.support.customtabs.trusted.TRUSTED_WEB_ACTIVITY_SERVICE" />
157-->src/main/AndroidManifest.xml:173:17-105
157-->src/main/AndroidManifest.xml:173:25-103
158
159                <category android:name="android.intent.category.DEFAULT" />
159-->src/main/AndroidManifest.xml:137:17-76
159-->src/main/AndroidManifest.xml:137:27-73
160            </intent-filter>
161        </service>
162
163        <activity android:name="com.google.androidbrowserhelper.trusted.NotificationPermissionRequestActivity" />
163-->src/main/AndroidManifest.xml:179:13-118
163-->src/main/AndroidManifest.xml:179:23-115
164    </application>
165
166</manifest>